<?xml version="1.0" encoding="UTF-8"?>
<testng-results skipped="0" failed="0" total="2" passed="2">
  <reporter-output>
  </reporter-output>
  <suite name="Suite" duration-ms="10380" started-at="2017-02-19T23:16:16Z" finished-at="2017-02-19T23:16:27Z">
    <groups>
    </groups>
    <test name="Test" duration-ms="10380" started-at="2017-02-19T23:16:16Z" finished-at="2017-02-19T23:16:27Z">
      <class name="interview.prep.automation3.FirstWebDriver">
        <test-method status="PASS" signature="homePage()[pri:0, instance:interview.prep.automation3.FirstWebDriver@7f690630]" name="homePage" duration-ms="10354" started-at="2017-02-19T15:16:16Z" finished-at="2017-02-19T15:16:27Z">
          <reporter-output>
          </reporter-output>
        </test-method> <!-- homePage -->
      </class> <!-- interview.prep.automation3.FirstWebDriver -->
      <class name="interview.prep.automation3.AppTest">
        <test-method status="PASS" signature="testApp()[pri:0, instance:interview.prep.automation3.AppTest@566776ad]" name="testApp" duration-ms="2" started-at="2017-02-19T15:16:27Z" finished-at="2017-02-19T15:16:27Z">
          <reporter-output>
          </reporter-output>
        </test-method> <!-- testApp -->
      </class> <!-- interview.prep.automation3.AppTest -->
    </test> <!-- Test -->
  </suite> <!-- Suite -->
</testng-results>
